<?xml version="1.0" encoding="UTF-8"?>
<testng-results skipped="0" failed="0" total="1" passed="1">
  <reporter-output>
  </reporter-output>
  <suite name="Default suite" duration-ms="2555" started-at="2020-02-06T11:53:09Z" finished-at="2020-02-06T11:53:11Z">
    <groups>
    </groups>
    <test name="Default test" duration-ms="2555" started-at="2020-02-06T11:53:09Z" finished-at="2020-02-06T11:53:11Z">
      <class name="com.tests.RegisterService">
        <test-method status="PASS" signature="launchUrl()[pri:0, instance:com.tests.RegisterService@370736d9]" name="launchUrl" is-config="true" duration-ms="4937" started-at="2020-02-06T11:53:04Z" finished-at="2020-02-06T11:53:09Z">
          <reporter-output>
          </reporter-output>
        </test-method> <!-- launchUrl -->
        <test-method status="PASS" signature="signUpServiceRequest()[pri:0, instance:com.tests.RegisterService@370736d9]" name="signUpServiceRequest" duration-ms="1672" started-at="2020-02-06T11:53:09Z" finished-at="2020-02-06T11:53:10Z">
          <reporter-output>
          </reporter-output>
        </test-method> <!-- signUpServiceRequest -->
        <test-method status="PASS" signature="getResult(org.testng.ITestResult)[pri:0, instance:com.tests.RegisterService@370736d9]" name="getResult" is-config="true" duration-ms="868" started-at="2020-02-06T11:53:10Z" finished-at="2020-02-06T11:53:11Z">
          <params>
            <param index="0">
              <value>
                <![CDATA[[TestResult name=signUpServiceRequest status=SUCCESS method=RegisterService.signUpServiceRequest()[pri:0, instance:com.tests.RegisterService@370736d9] output={null}]]]>
              </value>
            </param>
          </params>
          <reporter-output>
          </reporter-output>
        </test-method> <!-- getResult -->
        <test-method status="PASS" signature="tearDown()[pri:0, instance:com.tests.RegisterService@370736d9]" name="tearDown" is-config="true" duration-ms="3244" started-at="2020-02-06T11:53:11Z" finished-at="2020-02-06T11:53:15Z">
          <reporter-output>
          </reporter-output>
        </test-method> <!-- tearDown -->
      </class> <!-- com.tests.RegisterService -->
    </test> <!-- Default test -->
  </suite> <!-- Default suite -->
</testng-results>
